<?xml version="1.0" encoding="UTF-8"?>
<testsuite name="CheckHamcrestTest" tests="1" skipped="0" failures="0" errors="0" timestamp="2018-11-16T22:14:40" hostname="IDNOW-78" time="0.003">
  <properties/>
  <testcase name="shouldCheckName" classname="CheckHamcrestTest" time="0.003"/>
  <system-out><![CDATA[]]></system-out>
  <system-err><![CDATA[]]></system-err>
</testsuite>
